[ 2020-03-26T14:10:04+08:00 ] ::1 /foods/
INFO: [ app_init ] --START--
INFO: Run Behavior\BuildLiteBehavior [ RunTime:0.000024s ]
INFO: [ app_init ] --END-- [ RunTime:0.020510s ]
INFO: [ app_begin ] --START--
INFO: Run Behavior\ReadHtmlCacheBehavior [ RunTime:0.041434s ]
INFO: [ app_begin ] --END-- [ RunTime:0.041545s ]
INFO: [ view_parse ] --START--
INFO: Run Behavior\ParseTemplateBehavior [ RunTime:0.047039s ]
INFO: [ view_parse ] --END-- [ RunTime:0.047168s ]
INFO: [ view_filter ] --START--
INFO: Run Behavior\WriteHtmlCacheBehavior [ RunTime:0.079196s ]
INFO: [ view_filter ] --END-- [ RunTime:0.079309s ]
INFO: [ app_end ] --START--
INFO: Run Behavior\ShowPageTraceBehavior [ RunTime:0.044403s ]
INFO: [ app_end ] --END-- [ RunTime:0.044514s ]

[ 2020-03-26T14:57:02+08:00 ] ::1 /foods/
INFO: [ app_init ] --START--
INFO: Run Behavior\BuildLiteBehavior [ RunTime:0.000025s ]
INFO: [ app_init ] --END-- [ RunTime:0.046118s ]
INFO: [ app_begin ] --START--
INFO: Run Behavior\ReadHtmlCacheBehavior [ RunTime:0.017384s ]
INFO: [ app_begin ] --END-- [ RunTime:0.017489s ]
INFO: [ view_parse ] --START--
INFO: Run Behavior\ParseTemplateBehavior [ RunTime:0.012119s ]
INFO: [ view_parse ] --END-- [ RunTime:0.012227s ]
INFO: [ view_filter ] --START--
INFO: Run Behavior\WriteHtmlCacheBehavior [ RunTime:0.054256s ]
INFO: [ view_filter ] --END-- [ RunTime:0.054356s ]
INFO: [ app_end ] --START--
INFO: Run Behavior\ShowPageTraceBehavior [ RunTime:0.025654s ]
INFO: [ app_end ] --END-- [ RunTime:0.025754s ]

